This is pdfTeX, Version 3.1415926-2.4-1.40.13 (MiKTeX 2.9) (preloaded format=pdflatex 2012.9.1)  14 JUN 2015 15:02
entering extended mode
**C:/Users/Admin/Documents/GitHub/PhD/Chapters*1*and*6/Overview.tex
("C:/Users/Admin/Documents/GitHub/PhD/Chapters 1 and 6/Overview.tex"
LaTeX2e <2011/06/27>
Babel <v3.8m> and hyphenation patterns for english, afrikaans, ancientgreek, ar
abic, armenian, assamese, basque, bengali, bokmal, bulgarian, catalan, coptic, 
croatian, czech, danish, dutch, esperanto, estonian, farsi, finnish, french, ga
lician, german, german-x-2012-05-30, greek, gujarati, hindi, hungarian, iceland
ic, indonesian, interlingua, irish, italian, kannada, kurmanji, latin, latvian,
 lithuanian, malayalam, marathi, mongolian, mongolianlmc, monogreek, ngerman, n
german-x-2012-05-30, nynorsk, oriya, panjabi, pinyin, polish, portuguese, roman
ian, russian, sanskrit, serbian, slovak, slovenian, spanish, swedish, swissgerm
an, tamil, telugu, turkish, turkmen, ukenglish, ukrainian, uppersorbian, usengl
ishmax, welsh, loaded.
("C:\Program Files\MiKTeX 2.9\tex\latex\base\report.cls"
Document Class: report 2007/10/19 v1.4h Standard LaTeX document class
("C:\Program Files\MiKTeX 2.9\tex\latex\base\size12.clo"
File: size12.clo 2007/10/19 v1.4h Standard LaTeX file (size option)
)
\c@part=\count79
\c@chapter=\count80
\c@section=\count81
\c@subsection=\count82
\c@subsubsection=\count83
\c@paragraph=\count84
\c@subparagraph=\count85
\c@figure=\count86
\c@table=\count87
\abovecaptionskip=\skip41
\belowcaptionskip=\skip42
\bibindent=\dimen102
)
("C:\Program Files\MiKTeX 2.9\tex\latex\graphics\graphicx.sty"
Package: graphicx 1999/02/16 v1.0f Enhanced LaTeX Graphics (DPC,SPQR)

("C:\Program Files\MiKTeX 2.9\tex\latex\graphics\keyval.sty"
Package: keyval 1999/03/16 v1.13 key=value parser (DPC)
\KV@toks@=\toks14
)
("C:\Program Files\MiKTeX 2.9\tex\latex\graphics\graphics.sty"
Package: graphics 2009/02/05 v1.0o Standard LaTeX Graphics (DPC,SPQR)

("C:\Program Files\MiKTeX 2.9\tex\latex\graphics\trig.sty"
Package: trig 1999/03/16 v1.09 sin cos tan (DPC)
)
("C:\Program Files\MiKTeX 2.9\tex\latex\00miktex\graphics.cfg"
File: graphics.cfg 2007/01/18 v1.5 graphics configuration of teTeX/TeXLive
)
Package graphics Info: Driver file: pdftex.def on input line 91.

("C:\Program Files\MiKTeX 2.9\tex\latex\pdftex-def\pdftex.def"
File: pdftex.def 2011/05/27 v0.06d Graphics/color for pdfTeX

("C:\Program Files\MiKTeX 2.9\tex\generic\oberdiek\infwarerr.sty"
Package: infwarerr 2010/04/08 v1.3 Providing info/warning/error messages (HO)
)
("C:\Program Files\MiKTeX 2.9\tex\generic\oberdiek\ltxcmds.sty"
Package: ltxcmds 2011/11/09 v1.22 LaTeX kernel commands for general use (HO)
)
\Gread@gobject=\count88
))
\Gin@req@height=\dimen103
\Gin@req@width=\dimen104
)
("C:\Program Files\MiKTeX 2.9\tex\latex\chicago\chicago.sty"
Using Chicago Manual of Style bibliography: 31 August 1992
\bibhang=\skip43
\bibindent=\dimen105
) ("C:\Program Files\MiKTeX 2.9\tex\latex\amsfonts\amsfonts.sty"
Package: amsfonts 2009/06/22 v3.00 Basic AMSFonts support
\@emptytoks=\toks15
\symAMSa=\mathgroup4
\symAMSb=\mathgroup5
LaTeX Font Info:    Overwriting math alphabet `\mathfrak' in version `bold'
(Font)                  U/euf/m/n --> U/euf/b/n on input line 96.
)
("C:\Program Files\MiKTeX 2.9\tex\latex\pdfpages\pdfpages.sty"
Package: pdfpages 2012/04/03 v0.4s Insert pages of external PDF documents (AM)

("C:\Program Files\MiKTeX 2.9\tex\latex\base\ifthen.sty"
Package: ifthen 2001/05/26 v1.1c Standard LaTeX ifthen package (DPC)
)
("C:\Program Files\MiKTeX 2.9\tex\latex\tools\calc.sty"
Package: calc 2007/08/22 v4.3 Infix arithmetic (KKT,FJ)
\calc@Acount=\count89
\calc@Bcount=\count90
\calc@Adimen=\dimen106
\calc@Bdimen=\dimen107
\calc@Askip=\skip44
\calc@Bskip=\skip45
LaTeX Info: Redefining \setlength on input line 76.
LaTeX Info: Redefining \addtolength on input line 77.
\calc@Ccount=\count91
\calc@Cskip=\skip46
)
("C:\Program Files\MiKTeX 2.9\tex\latex\eso-pic\eso-pic.sty"
Package: eso-pic 2010/10/06 v2.0c eso-pic (RN)

("C:\Program Files\MiKTeX 2.9\tex\generic\oberdiek\atbegshi.sty"
Package: atbegshi 2011/10/05 v1.16 At begin shipout hook (HO)

("C:\Program Files\MiKTeX 2.9\tex\generic\oberdiek\ifpdf.sty"
Package: ifpdf 2011/01/30 v2.3 Provides the ifpdf switch (HO)
Package ifpdf Info: pdfTeX in PDF mode is detected.
))
("C:\Program Files\MiKTeX 2.9\tex\latex\xcolor\xcolor.sty"
Package: xcolor 2007/01/21 v2.11 LaTeX color extensions (UK)

("C:\Program Files\MiKTeX 2.9\tex\latex\00miktex\color.cfg"
File: color.cfg 2007/01/18 v1.5 color configuration of teTeX/TeXLive
)
Package xcolor Info: Driver file: pdftex.def on input line 225.
Package xcolor Info: Model `cmy' substituted by `cmy0' on input line 1337.
Package xcolor Info: Model `hsb' substituted by `rgb' on input line 1341.
Package xcolor Info: Model `RGB' extended on input line 1353.
Package xcolor Info: Model `HTML' substituted by `rgb' on input line 1355.
Package xcolor Info: Model `Hsb' substituted by `hsb' on input line 1356.
Package xcolor Info: Model `tHsb' substituted by `hsb' on input line 1357.
Package xcolor Info: Model `HSB' substituted by `hsb' on input line 1358.
Package xcolor Info: Model `Gray' substituted by `gray' on input line 1359.
Package xcolor Info: Model `wave' substituted by `hsb' on input line 1360.
))
("C:\Program Files\MiKTeX 2.9\tex\latex\pdfpages\pppdftex.def"
File: pppdftex.def 2012/04/03 v0.4s Pdfpages driver for pdfTeX (AM)
)
\AM@pagebox=\box26
\AM@toc@title=\toks16
\c@AM@survey=\count92
\AM@templatesizebox=\box27
)
("C:\Program Files\MiKTeX 2.9\tex\latex\comment\comment.sty"
\CommentStream=\write3

Excluding comment 'comment')
("C:\Users\Admin\Documents\GitHub\PhD\Chapters 1 and 6\Overview.aux")
LaTeX Font Info:    Checking defaults for OML/cmm/m/it on input line 28.
LaTeX Font Info:    ... okay on input line 28.
LaTeX Font Info:    Checking defaults for T1/cmr/m/n on input line 28.
LaTeX Font Info:    ... okay on input line 28.
LaTeX Font Info:    Checking defaults for OT1/cmr/m/n on input line 28.
LaTeX Font Info:    ... okay on input line 28.
LaTeX Font Info:    Checking defaults for OMS/cmsy/m/n on input line 28.
LaTeX Font Info:    ... okay on input line 28.
LaTeX Font Info:    Checking defaults for OMX/cmex/m/n on input line 28.
LaTeX Font Info:    ... okay on input line 28.
LaTeX Font Info:    Checking defaults for U/cmr/m/n on input line 28.
LaTeX Font Info:    ... okay on input line 28.

("C:\Program Files\MiKTeX 2.9\tex\context\base\supp-pdf.mkii"
[Loading MPS to PDF converter (version 2006.09.02).]
\scratchcounter=\count93
\scratchdimen=\dimen108
\scratchbox=\box28
\nofMPsegments=\count94
\nofMParguments=\count95
\everyMPshowfont=\toks17
\MPscratchCnt=\count96
\MPscratchDim=\dimen109
\MPnumerator=\count97
\makeMPintoPDFobject=\count98
\everyMPtoPDFconversion=\toks18
)
\AtBeginShipoutBox=\box29
LaTeX Font Info:    Try loading font information for U+msa on input line 31.
 ("C:\Program Files\MiKTeX 2.9\tex\latex\amsfonts\umsa.fd"
File: umsa.fd 2009/06/22 v3.00 AMS symbols A
)
LaTeX Font Info:    Try loading font information for U+msb on input line 31.

("C:\Program Files\MiKTeX 2.9\tex\latex\amsfonts\umsb.fd"
File: umsb.fd 2009/06/22 v3.00 AMS symbols B
) [1

{C:/ProgramData/MiKTeX/2.9/pdftex/config/pdftex.map}] [1] [2]
("C:\Users\Admin\Documents\GitHub\PhD\Chapters 1 and 6\Overview.toc")
\tf@toc=\write4
 [3

]
Chapter 1.
LaTeX Font Info:    Try loading font information for OMS+cmr on input line 104.

("C:\Program Files\MiKTeX 2.9\tex\latex\base\omscmr.fd"
File: omscmr.fd 1999/05/25 v2.5h Standard LaTeX font definitions
)
LaTeX Font Info:    Font shape `OMS/cmr/m/n' in size <12> not available
(Font)              Font shape `OMS/cmsy/m/n' tried instead on input line 104.
 [4

] [5] [6] [7]
[8] [9] [10] [11] [12] [13] [14]
Overfull \hbox (0.53993pt too wide) in paragraph at lines 340--341
\OT1/cmr/m/n/12 in-di-cate risk be-haviour. For ex-am-ple conditional--tail--ex
pectation takes
 []

[15] [16] [17] [18]
Overfull \hbox (6.75961pt too wide) in paragraph at lines 429--429
[]\OT1/cmr/bx/n/14.4 Proposed an-a-lyt-i-cal frame-work for sys-tem-atic risk
 []

[19] [20]
Missing character: There is no “ in font cmti12!
Missing character: There is no ” in font cmti12!
 [21] [22] [23] [24] [25]
Chapter 2.
[26

] <Layerdependence.pdf, id=99, page=1, 597.51233pt x 845.0471pt>
File: Layerdependence.pdf Graphic file (type pdf)

<use Layerdependence.pdf, page 1>
Package pdftex.def Info: Layerdependence.pdf, page1 used on input line 567.
(pdftex.def)             Requested size: 597.51086pt x 845.04504pt.
File: Layerdependence.pdf Graphic file (type pdf)
 <use Layerdependence.pdf, page 1>
Package pdftex.def Info: Layerdependence.pdf, page1 used on input line 567.
(pdftex.def)             Requested size: 597.53821pt x 845.08372pt.
File: Layerdependence.pdf Graphic file (type pdf)

<use Layerdependence.pdf, page 1>
Package pdftex.def Info: Layerdependence.pdf, page1 used on input line 567.
(pdftex.def)             Requested size: 597.53821pt x 845.08372pt.
File: Layerdependence.pdf Graphic file (type pdf)
 <use Layerdependence.pdf, page 1>
Package pdftex.def Info: Layerdependence.pdf, page1 used on input line 567.
(pdftex.def)             Requested size: 597.53821pt x 845.08372pt.
File: Layerdependence.pdf Graphic file (type pdf)

<use Layerdependence.pdf, page 1>
Package pdftex.def Info: Layerdependence.pdf, page1 used on input line 567.
(pdftex.def)             Requested size: 597.53821pt x 845.08372pt.
 [27 <C:/Users/Admin/Documents/GitHub/PhD/Chapters 1 and 6/Layerdependence.pdf>
]
<Layerdependence.pdf, id=138, page=2, 597.51233pt x 845.0471pt>
File: Layerdependence.pdf Graphic file (type pdf)

<use Layerdependence.pdf, page 2>
Package pdftex.def Info: Layerdependence.pdf, page2 used on input line 567.
(pdftex.def)             Requested size: 597.53821pt x 845.08372pt.
File: Layerdependence.pdf Graphic file (type pdf)
 <use Layerdependence.pdf, page 2>
Package pdftex.def Info: Layerdependence.pdf, page2 used on input line 567.
(pdftex.def)             Requested size: 597.53821pt x 845.08372pt.
File: Layerdependence.pdf Graphic file (type pdf)

<use Layerdependence.pdf, page 2>
Package pdftex.def Info: Layerdependence.pdf, page2 used on input line 567.
(pdftex.def)             Requested size: 597.53821pt x 845.08372pt.
 [28 <C:/Users/Admin/Documents/GitHub/PhD/Chapters 1 and 6/Layerdependence.pdf>
]
<Layerdependence.pdf, id=164, page=3, 597.51233pt x 845.0471pt>
File: Layerdependence.pdf Graphic file (type pdf)

<use Layerdependence.pdf, page 3>
Package pdftex.def Info: Layerdependence.pdf, page3 used on input line 567.
(pdftex.def)             Requested size: 597.53821pt x 845.08372pt.
File: Layerdependence.pdf Graphic file (type pdf)
 <use Layerdependence.pdf, page 3>
Package pdftex.def Info: Layerdependence.pdf, page3 used on input line 567.
(pdftex.def)             Requested size: 597.53821pt x 845.08372pt.
File: Layerdependence.pdf Graphic file (type pdf)

<use Layerdependence.pdf, page 3>
Package pdftex.def Info: Layerdependence.pdf, page3 used on input line 567.
(pdftex.def)             Requested size: 597.53821pt x 845.08372pt.
 [29 <C:/Users/Admin/Documents/GitHub/PhD/Chapters 1 and 6/Layerdependence.pdf>
]
<Layerdependence.pdf, id=190, page=4, 597.51233pt x 845.0471pt>
File: Layerdependence.pdf Graphic file (type pdf)

<use Layerdependence.pdf, page 4>
Package pdftex.def Info: Layerdependence.pdf, page4 used on input line 567.
(pdftex.def)             Requested size: 597.53821pt x 845.08372pt.
File: Layerdependence.pdf Graphic file (type pdf)
 <use Layerdependence.pdf, page 4>
Package pdftex.def Info: Layerdependence.pdf, page4 used on input line 567.
(pdftex.def)             Requested size: 597.53821pt x 845.08372pt.
File: Layerdependence.pdf Graphic file (type pdf)

<use Layerdependence.pdf, page 4>
Package pdftex.def Info: Layerdependence.pdf, page4 used on input line 567.
(pdftex.def)             Requested size: 597.53821pt x 845.08372pt.
 [30 <C:/Users/Admin/Documents/GitHub/PhD/Chapters 1 and 6/Layerdependence.pdf>
]
<Layerdependence.pdf, id=195, page=5, 597.51233pt x 845.0471pt>
File: Layerdependence.pdf Graphic file (type pdf)

<use Layerdependence.pdf, page 5>
Package pdftex.def Info: Layerdependence.pdf, page5 used on input line 567.
(pdftex.def)             Requested size: 597.53821pt x 845.08372pt.
File: Layerdependence.pdf Graphic file (type pdf)
 <use Layerdependence.pdf, page 5>
Package pdftex.def Info: Layerdependence.pdf, page5 used on input line 567.
(pdftex.def)             Requested size: 597.53821pt x 845.08372pt.
File: Layerdependence.pdf Graphic file (type pdf)

<use Layerdependence.pdf, page 5>
Package pdftex.def Info: Layerdependence.pdf, page5 used on input line 567.
(pdftex.def)             Requested size: 597.53821pt x 845.08372pt.
 [31 <C:/Users/Admin/Documents/GitHub/PhD/Chapters 1 and 6/Layerdependence.pdf>
]
<Layerdependence.pdf, id=199, page=6, 597.51233pt x 845.0471pt>
File: Layerdependence.pdf Graphic file (type pdf)

<use Layerdependence.pdf, page 6>
Package pdftex.def Info: Layerdependence.pdf, page6 used on input line 567.
(pdftex.def)             Requested size: 597.53821pt x 845.08372pt.
File: Layerdependence.pdf Graphic file (type pdf)
 <use Layerdependence.pdf, page 6>
Package pdftex.def Info: Layerdependence.pdf, page6 used on input line 567.
(pdftex.def)             Requested size: 597.53821pt x 845.08372pt.
File: Layerdependence.pdf Graphic file (type pdf)

<use Layerdependence.pdf, page 6>
Package pdftex.def Info: Layerdependence.pdf, page6 used on input line 567.
(pdftex.def)             Requested size: 597.53821pt x 845.08372pt.
 [32 <C:/Users/Admin/Documents/GitHub/PhD/Chapters 1 and 6/Layerdependence.pdf>
]
<Layerdependence.pdf, id=280, page=7, 597.51233pt x 845.0471pt>
File: Layerdependence.pdf Graphic file (type pdf)

<use Layerdependence.pdf, page 7>
Package pdftex.def Info: Layerdependence.pdf, page7 used on input line 567.
(pdftex.def)             Requested size: 597.53821pt x 845.08372pt.
File: Layerdependence.pdf Graphic file (type pdf)
 <use Layerdependence.pdf, page 7>
Package pdftex.def Info: Layerdependence.pdf, page7 used on input line 567.
(pdftex.def)             Requested size: 597.53821pt x 845.08372pt.
File: Layerdependence.pdf Graphic file (type pdf)

<use Layerdependence.pdf, page 7>
Package pdftex.def Info: Layerdependence.pdf, page7 used on input line 567.
(pdftex.def)             Requested size: 597.53821pt x 845.08372pt.
 [33 <C:/Users/Admin/Documents/GitHub/PhD/Chapters 1 and 6/Layerdependence.pdf>
]
<Layerdependence.pdf, id=305, page=8, 597.51233pt x 845.0471pt>
File: Layerdependence.pdf Graphic file (type pdf)

<use Layerdependence.pdf, page 8>
Package pdftex.def Info: Layerdependence.pdf, page8 used on input line 567.
(pdftex.def)             Requested size: 597.53821pt x 845.08372pt.
File: Layerdependence.pdf Graphic file (type pdf)
 <use Layerdependence.pdf, page 8>
Package pdftex.def Info: Layerdependence.pdf, page8 used on input line 567.
(pdftex.def)             Requested size: 597.53821pt x 845.08372pt.
File: Layerdependence.pdf Graphic file (type pdf)

<use Layerdependence.pdf, page 8>
Package pdftex.def Info: Layerdependence.pdf, page8 used on input line 567.
(pdftex.def)             Requested size: 597.53821pt x 845.08372pt.
 [34 <C:/Users/Admin/Documents/GitHub/PhD/Chapters 1 and 6/Layerdependence.pdf>
]
<Layerdependence.pdf, id=309, page=9, 597.51233pt x 845.0471pt>
File: Layerdependence.pdf Graphic file (type pdf)

<use Layerdependence.pdf, page 9>
Package pdftex.def Info: Layerdependence.pdf, page9 used on input line 567.
(pdftex.def)             Requested size: 597.53821pt x 845.08372pt.
File: Layerdependence.pdf Graphic file (type pdf)
 <use Layerdependence.pdf, page 9>
Package pdftex.def Info: Layerdependence.pdf, page9 used on input line 567.
(pdftex.def)             Requested size: 597.53821pt x 845.08372pt.
File: Layerdependence.pdf Graphic file (type pdf)

<use Layerdependence.pdf, page 9>
Package pdftex.def Info: Layerdependence.pdf, page9 used on input line 567.
(pdftex.def)             Requested size: 597.53821pt x 845.08372pt.
 [35 <C:/Users/Admin/Documents/GitHub/PhD/Chapters 1 and 6/Layerdependence.pdf>
]
<Layerdependence.pdf, id=313, page=10, 597.51233pt x 845.0471pt>
File: Layerdependence.pdf Graphic file (type pdf)

<use Layerdependence.pdf, page 10>
Package pdftex.def Info: Layerdependence.pdf, page10 used on input line 567.
(pdftex.def)             Requested size: 597.53821pt x 845.08372pt.
File: Layerdependence.pdf Graphic file (type pdf)
 <use Layerdependence.pdf, page 10>
Package pdftex.def Info: Layerdependence.pdf, page10 used on input line 567.
(pdftex.def)             Requested size: 597.53821pt x 845.08372pt.
File: Layerdependence.pdf Graphic file (type pdf)

<use Layerdependence.pdf, page 10>
Package pdftex.def Info: Layerdependence.pdf, page10 used on input line 567.
(pdftex.def)             Requested size: 597.53821pt x 845.08372pt.
 [36 <C:/Users/Admin/Documents/GitHub/PhD/Chapters 1 and 6/Layerdependence.pdf>
]
<Layerdependence.pdf, id=318, page=11, 597.51233pt x 845.0471pt>
File: Layerdependence.pdf Graphic file (type pdf)

<use Layerdependence.pdf, page 11>
Package pdftex.def Info: Layerdependence.pdf, page11 used on input line 567.
(pdftex.def)             Requested size: 597.53821pt x 845.08372pt.
File: Layerdependence.pdf Graphic file (type pdf)
 <use Layerdependence.pdf, page 11>
Package pdftex.def Info: Layerdependence.pdf, page11 used on input line 567.
(pdftex.def)             Requested size: 597.53821pt x 845.08372pt.
File: Layerdependence.pdf Graphic file (type pdf)

<use Layerdependence.pdf, page 11>
Package pdftex.def Info: Layerdependence.pdf, page11 used on input line 567.
(pdftex.def)             Requested size: 597.53821pt x 845.08372pt.
 [37 <C:/Users/Admin/Documents/GitHub/PhD/Chapters 1 and 6/Layerdependence.pdf>
]
<Layerdependence.pdf, id=322, page=12, 597.51233pt x 845.0471pt>
File: Layerdependence.pdf Graphic file (type pdf)

<use Layerdependence.pdf, page 12>
Package pdftex.def Info: Layerdependence.pdf, page12 used on input line 567.
(pdftex.def)             Requested size: 597.53821pt x 845.08372pt.
File: Layerdependence.pdf Graphic file (type pdf)
 <use Layerdependence.pdf, page 12>
Package pdftex.def Info: Layerdependence.pdf, page12 used on input line 567.
(pdftex.def)             Requested size: 597.53821pt x 845.08372pt.
File: Layerdependence.pdf Graphic file (type pdf)

<use Layerdependence.pdf, page 12>
Package pdftex.def Info: Layerdependence.pdf, page12 used on input line 567.
(pdftex.def)             Requested size: 597.53821pt x 845.08372pt.
 [38 <C:/Users/Admin/Documents/GitHub/PhD/Chapters 1 and 6/Layerdependence.pdf>
]
<Layerdependence.pdf, id=326, page=13, 597.51233pt x 845.0471pt>
File: Layerdependence.pdf Graphic file (type pdf)

<use Layerdependence.pdf, page 13>
Package pdftex.def Info: Layerdependence.pdf, page13 used on input line 567.
(pdftex.def)             Requested size: 597.53821pt x 845.08372pt.
File: Layerdependence.pdf Graphic file (type pdf)
 <use Layerdependence.pdf, page 13>
Package pdftex.def Info: Layerdependence.pdf, page13 used on input line 567.
(pdftex.def)             Requested size: 597.53821pt x 845.08372pt.
File: Layerdependence.pdf Graphic file (type pdf)

<use Layerdependence.pdf, page 13>
Package pdftex.def Info: Layerdependence.pdf, page13 used on input line 567.
(pdftex.def)             Requested size: 597.53821pt x 845.08372pt.
 [39 <C:/Users/Admin/Documents/GitHub/PhD/Chapters 1 and 6/Layerdependence.pdf>
]
<Layerdependence.pdf, id=330, page=14, 597.51233pt x 845.0471pt>
File: Layerdependence.pdf Graphic file (type pdf)

<use Layerdependence.pdf, page 14>
Package pdftex.def Info: Layerdependence.pdf, page14 used on input line 567.
(pdftex.def)             Requested size: 597.53821pt x 845.08372pt.
File: Layerdependence.pdf Graphic file (type pdf)
 <use Layerdependence.pdf, page 14>
Package pdftex.def Info: Layerdependence.pdf, page14 used on input line 567.
(pdftex.def)             Requested size: 597.53821pt x 845.08372pt.
File: Layerdependence.pdf Graphic file (type pdf)

<use Layerdependence.pdf, page 14>
Package pdftex.def Info: Layerdependence.pdf, page14 used on input line 567.
(pdftex.def)             Requested size: 597.53821pt x 845.08372pt.
 [40 <C:/Users/Admin/Documents/GitHub/PhD/Chapters 1 and 6/Layerdependence.pdf>
]
<Layerdependence.pdf, id=351, page=15, 597.51233pt x 845.0471pt>
File: Layerdependence.pdf Graphic file (type pdf)

<use Layerdependence.pdf, page 15>
Package pdftex.def Info: Layerdependence.pdf, page15 used on input line 567.
(pdftex.def)             Requested size: 597.53821pt x 845.08372pt.
File: Layerdependence.pdf Graphic file (type pdf)
 <use Layerdependence.pdf, page 15>
Package pdftex.def Info: Layerdependence.pdf, page15 used on input line 567.
(pdftex.def)             Requested size: 597.53821pt x 845.08372pt.
File: Layerdependence.pdf Graphic file (type pdf)

<use Layerdependence.pdf, page 15>
Package pdftex.def Info: Layerdependence.pdf, page15 used on input line 567.
(pdftex.def)             Requested size: 597.53821pt x 845.08372pt.
 [41 <C:/Users/Admin/Documents/GitHub/PhD/Chapters 1 and 6/Layerdependence.pdf>
]
<Layerdependence.pdf, id=355, page=16, 597.51233pt x 845.0471pt>
File: Layerdependence.pdf Graphic file (type pdf)

<use Layerdependence.pdf, page 16>
Package pdftex.def Info: Layerdependence.pdf, page16 used on input line 567.
(pdftex.def)             Requested size: 597.53821pt x 845.08372pt.
File: Layerdependence.pdf Graphic file (type pdf)
 <use Layerdependence.pdf, page 16>
Package pdftex.def Info: Layerdependence.pdf, page16 used on input line 567.
(pdftex.def)             Requested size: 597.53821pt x 845.08372pt.
File: Layerdependence.pdf Graphic file (type pdf)

<use Layerdependence.pdf, page 16>
Package pdftex.def Info: Layerdependence.pdf, page16 used on input line 567.
(pdftex.def)             Requested size: 597.53821pt x 845.08372pt.
 [42 <C:/Users/Admin/Documents/GitHub/PhD/Chapters 1 and 6/Layerdependence.pdf>
]
<Layerdependence.pdf, id=360, page=17, 597.51233pt x 845.0471pt>
File: Layerdependence.pdf Graphic file (type pdf)

<use Layerdependence.pdf, page 17>
Package pdftex.def Info: Layerdependence.pdf, page17 used on input line 567.
(pdftex.def)             Requested size: 597.53821pt x 845.08372pt.
File: Layerdependence.pdf Graphic file (type pdf)
 <use Layerdependence.pdf, page 17>
Package pdftex.def Info: Layerdependence.pdf, page17 used on input line 567.
(pdftex.def)             Requested size: 597.53821pt x 845.08372pt.
File: Layerdependence.pdf Graphic file (type pdf)

<use Layerdependence.pdf, page 17>
Package pdftex.def Info: Layerdependence.pdf, page17 used on input line 567.
(pdftex.def)             Requested size: 597.53821pt x 845.08372pt.
 [43 <C:/Users/Admin/Documents/GitHub/PhD/Chapters 1 and 6/Layerdependence.pdf>
]
<Layerdependence.pdf, id=364, page=18, 597.51233pt x 845.0471pt>
File: Layerdependence.pdf Graphic file (type pdf)

<use Layerdependence.pdf, page 18>
Package pdftex.def Info: Layerdependence.pdf, page18 used on input line 567.
(pdftex.def)             Requested size: 597.53821pt x 845.08372pt.
File: Layerdependence.pdf Graphic file (type pdf)
 <use Layerdependence.pdf, page 18>
Package pdftex.def Info: Layerdependence.pdf, page18 used on input line 567.
(pdftex.def)             Requested size: 597.53821pt x 845.08372pt.
File: Layerdependence.pdf Graphic file (type pdf)

<use Layerdependence.pdf, page 18>
Package pdftex.def Info: Layerdependence.pdf, page18 used on input line 567.
(pdftex.def)             Requested size: 597.53821pt x 845.08372pt.
 [44 <C:/Users/Admin/Documents/GitHub/PhD/Chapters 1 and 6/Layerdependence.pdf>
]
<Layerdependence.pdf, id=368, page=19, 597.51233pt x 845.0471pt>
File: Layerdependence.pdf Graphic file (type pdf)

<use Layerdependence.pdf, page 19>
Package pdftex.def Info: Layerdependence.pdf, page19 used on input line 567.
(pdftex.def)             Requested size: 597.53821pt x 845.08372pt.
File: Layerdependence.pdf Graphic file (type pdf)
 <use Layerdependence.pdf, page 19>
Package pdftex.def Info: Layerdependence.pdf, page19 used on input line 567.
(pdftex.def)             Requested size: 597.53821pt x 845.08372pt.
File: Layerdependence.pdf Graphic file (type pdf)

<use Layerdependence.pdf, page 19>
Package pdftex.def Info: Layerdependence.pdf, page19 used on input line 567.
(pdftex.def)             Requested size: 597.53821pt x 845.08372pt.
 [45 <C:/Users/Admin/Documents/GitHub/PhD/Chapters 1 and 6/Layerdependence.pdf>
]
<Layerdependence.pdf, id=372, page=20, 597.51233pt x 845.0471pt>
File: Layerdependence.pdf Graphic file (type pdf)

<use Layerdependence.pdf, page 20>
Package pdftex.def Info: Layerdependence.pdf, page20 used on input line 567.
(pdftex.def)             Requested size: 597.53821pt x 845.08372pt.
File: Layerdependence.pdf Graphic file (type pdf)
 <use Layerdependence.pdf, page 20>
Package pdftex.def Info: Layerdependence.pdf, page20 used on input line 567.
(pdftex.def)             Requested size: 597.53821pt x 845.08372pt.
File: Layerdependence.pdf Graphic file (type pdf)

<use Layerdependence.pdf, page 20>
Package pdftex.def Info: Layerdependence.pdf, page20 used on input line 567.
(pdftex.def)             Requested size: 597.53821pt x 845.08372pt.
 [46 <C:/Users/Admin/Documents/GitHub/PhD/Chapters 1 and 6/Layerdependence.pdf>
]
Chapter 3.
[47

] <Riskdecomposition.pdf, id=381, page=1, 597.51233pt x 845.0471pt>
File: Riskdecomposition.pdf Graphic file (type pdf)

<use Riskdecomposition.pdf, page 1>
Package pdftex.def Info: Riskdecomposition.pdf, page1 used on input line 575.
(pdftex.def)             Requested size: 597.51086pt x 845.04504pt.
File: Riskdecomposition.pdf Graphic file (type pdf)
 <use Riskdecomposition.pdf, page 1>
Package pdftex.def Info: Riskdecomposition.pdf, page1 used on input line 575.
(pdftex.def)             Requested size: 597.53821pt x 845.08372pt.
File: Riskdecomposition.pdf Graphic file (type pdf)

<use Riskdecomposition.pdf, page 1>
Package pdftex.def Info: Riskdecomposition.pdf, page1 used on input line 575.
(pdftex.def)             Requested size: 597.53821pt x 845.08372pt.
File: Riskdecomposition.pdf Graphic file (type pdf)
 <use Riskdecomposition.pdf, page 1>
Package pdftex.def Info: Riskdecomposition.pdf, page1 used on input line 575.
(pdftex.def)             Requested size: 597.53821pt x 845.08372pt.
File: Riskdecomposition.pdf Graphic file (type pdf)

<use Riskdecomposition.pdf, page 1>
Package pdftex.def Info: Riskdecomposition.pdf, page1 used on input line 575.
(pdftex.def)             Requested size: 597.53821pt x 845.08372pt.
 [48 <C:/Users/Admin/Documents/GitHub/PhD/Chapters 1 and 6/Riskdecomposition.pd
f>]
<Riskdecomposition.pdf, id=413, page=2, 597.51233pt x 845.0471pt>
File: Riskdecomposition.pdf Graphic file (type pdf)

<use Riskdecomposition.pdf, page 2>
Package pdftex.def Info: Riskdecomposition.pdf, page2 used on input line 575.
(pdftex.def)             Requested size: 597.53821pt x 845.08372pt.
File: Riskdecomposition.pdf Graphic file (type pdf)
 <use Riskdecomposition.pdf, page 2>
Package pdftex.def Info: Riskdecomposition.pdf, page2 used on input line 575.
(pdftex.def)             Requested size: 597.53821pt x 845.08372pt.
File: Riskdecomposition.pdf Graphic file (type pdf)

<use Riskdecomposition.pdf, page 2>
Package pdftex.def Info: Riskdecomposition.pdf, page2 used on input line 575.
(pdftex.def)             Requested size: 597.53821pt x 845.08372pt.
 [49 <C:/Users/Admin/Documents/GitHub/PhD/Chapters 1 and 6/Riskdecomposition.pd
f>]
<Riskdecomposition.pdf, id=428, page=3, 597.51233pt x 845.0471pt>
File: Riskdecomposition.pdf Graphic file (type pdf)

<use Riskdecomposition.pdf, page 3>
Package pdftex.def Info: Riskdecomposition.pdf, page3 used on input line 575.
(pdftex.def)             Requested size: 597.53821pt x 845.08372pt.
File: Riskdecomposition.pdf Graphic file (type pdf)
 <use Riskdecomposition.pdf, page 3>
Package pdftex.def Info: Riskdecomposition.pdf, page3 used on input line 575.
(pdftex.def)             Requested size: 597.53821pt x 845.08372pt.
File: Riskdecomposition.pdf Graphic file (type pdf)

<use Riskdecomposition.pdf, page 3>
Package pdftex.def Info: Riskdecomposition.pdf, page3 used on input line 575.
(pdftex.def)             Requested size: 597.53821pt x 845.08372pt.
 [50 <C:/Users/Admin/Documents/GitHub/PhD/Chapters 1 and 6/Riskdecomposition.pd
f>]
<Riskdecomposition.pdf, id=437, page=4, 597.51233pt x 845.0471pt>
File: Riskdecomposition.pdf Graphic file (type pdf)

<use Riskdecomposition.pdf, page 4>
Package pdftex.def Info: Riskdecomposition.pdf, page4 used on input line 575.
(pdftex.def)             Requested size: 597.53821pt x 845.08372pt.
File: Riskdecomposition.pdf Graphic file (type pdf)
 <use Riskdecomposition.pdf, page 4>
Package pdftex.def Info: Riskdecomposition.pdf, page4 used on input line 575.
(pdftex.def)             Requested size: 597.53821pt x 845.08372pt.
File: Riskdecomposition.pdf Graphic file (type pdf)

<use Riskdecomposition.pdf, page 4>
Package pdftex.def Info: Riskdecomposition.pdf, page4 used on input line 575.
(pdftex.def)             Requested size: 597.53821pt x 845.08372pt.
 [51 <C:/Users/Admin/Documents/GitHub/PhD/Chapters 1 and 6/Riskdecomposition.pd
f>]
<Riskdecomposition.pdf, id=441, page=5, 597.51233pt x 845.0471pt>
File: Riskdecomposition.pdf Graphic file (type pdf)

<use Riskdecomposition.pdf, page 5>
Package pdftex.def Info: Riskdecomposition.pdf, page5 used on input line 575.
(pdftex.def)             Requested size: 597.53821pt x 845.08372pt.
File: Riskdecomposition.pdf Graphic file (type pdf)
 <use Riskdecomposition.pdf, page 5>
Package pdftex.def Info: Riskdecomposition.pdf, page5 used on input line 575.
(pdftex.def)             Requested size: 597.53821pt x 845.08372pt.
File: Riskdecomposition.pdf Graphic file (type pdf)

<use Riskdecomposition.pdf, page 5>
Package pdftex.def Info: Riskdecomposition.pdf, page5 used on input line 575.
(pdftex.def)             Requested size: 597.53821pt x 845.08372pt.
 [52 <C:/Users/Admin/Documents/GitHub/PhD/Chapters 1 and 6/Riskdecomposition.pd
f>]
<Riskdecomposition.pdf, id=445, page=6, 597.51233pt x 845.0471pt>
File: Riskdecomposition.pdf Graphic file (type pdf)

<use Riskdecomposition.pdf, page 6>
Package pdftex.def Info: Riskdecomposition.pdf, page6 used on input line 575.
(pdftex.def)             Requested size: 597.53821pt x 845.08372pt.
File: Riskdecomposition.pdf Graphic file (type pdf)
 <use Riskdecomposition.pdf, page 6>
Package pdftex.def Info: Riskdecomposition.pdf, page6 used on input line 575.
(pdftex.def)             Requested size: 597.53821pt x 845.08372pt.
File: Riskdecomposition.pdf Graphic file (type pdf)

<use Riskdecomposition.pdf, page 6>
Package pdftex.def Info: Riskdecomposition.pdf, page6 used on input line 575.
(pdftex.def)             Requested size: 597.53821pt x 845.08372pt.
 [53 <C:/Users/Admin/Documents/GitHub/PhD/Chapters 1 and 6/Riskdecomposition.pd
f>]
<Riskdecomposition.pdf, id=449, page=7, 597.51233pt x 845.0471pt>
File: Riskdecomposition.pdf Graphic file (type pdf)

<use Riskdecomposition.pdf, page 7>
Package pdftex.def Info: Riskdecomposition.pdf, page7 used on input line 575.
(pdftex.def)             Requested size: 597.53821pt x 845.08372pt.
File: Riskdecomposition.pdf Graphic file (type pdf)
 <use Riskdecomposition.pdf, page 7>
Package pdftex.def Info: Riskdecomposition.pdf, page7 used on input line 575.
(pdftex.def)             Requested size: 597.53821pt x 845.08372pt.
File: Riskdecomposition.pdf Graphic file (type pdf)

<use Riskdecomposition.pdf, page 7>
Package pdftex.def Info: Riskdecomposition.pdf, page7 used on input line 575.
(pdftex.def)             Requested size: 597.53821pt x 845.08372pt.
 [54 <C:/Users/Admin/Documents/GitHub/PhD/Chapters 1 and 6/Riskdecomposition.pd
f>]
<Riskdecomposition.pdf, id=469, page=8, 597.51233pt x 845.0471pt>
File: Riskdecomposition.pdf Graphic file (type pdf)

<use Riskdecomposition.pdf, page 8>
Package pdftex.def Info: Riskdecomposition.pdf, page8 used on input line 575.
(pdftex.def)             Requested size: 597.53821pt x 845.08372pt.
File: Riskdecomposition.pdf Graphic file (type pdf)
 <use Riskdecomposition.pdf, page 8>
Package pdftex.def Info: Riskdecomposition.pdf, page8 used on input line 575.
(pdftex.def)             Requested size: 597.53821pt x 845.08372pt.
File: Riskdecomposition.pdf Graphic file (type pdf)

<use Riskdecomposition.pdf, page 8>
Package pdftex.def Info: Riskdecomposition.pdf, page8 used on input line 575.
(pdftex.def)             Requested size: 597.53821pt x 845.08372pt.
 [55 <C:/Users/Admin/Documents/GitHub/PhD/Chapters 1 and 6/Riskdecomposition.pd
f>]
<Riskdecomposition.pdf, id=473, page=9, 597.51233pt x 845.0471pt>
File: Riskdecomposition.pdf Graphic file (type pdf)

<use Riskdecomposition.pdf, page 9>
Package pdftex.def Info: Riskdecomposition.pdf, page9 used on input line 575.
(pdftex.def)             Requested size: 597.53821pt x 845.08372pt.
File: Riskdecomposition.pdf Graphic file (type pdf)
 <use Riskdecomposition.pdf, page 9>
Package pdftex.def Info: Riskdecomposition.pdf, page9 used on input line 575.
(pdftex.def)             Requested size: 597.53821pt x 845.08372pt.
File: Riskdecomposition.pdf Graphic file (type pdf)

<use Riskdecomposition.pdf, page 9>
Package pdftex.def Info: Riskdecomposition.pdf, page9 used on input line 575.
(pdftex.def)             Requested size: 597.53821pt x 845.08372pt.
 [56 <C:/Users/Admin/Documents/GitHub/PhD/Chapters 1 and 6/Riskdecomposition.pd
f>]
<Riskdecomposition.pdf, id=477, page=10, 597.51233pt x 845.0471pt>
File: Riskdecomposition.pdf Graphic file (type pdf)

<use Riskdecomposition.pdf, page 10>
Package pdftex.def Info: Riskdecomposition.pdf, page10 used on input line 575.
(pdftex.def)             Requested size: 597.53821pt x 845.08372pt.
File: Riskdecomposition.pdf Graphic file (type pdf)
 <use Riskdecomposition.pdf, page 10>
Package pdftex.def Info: Riskdecomposition.pdf, page10 used on input line 575.
(pdftex.def)             Requested size: 597.53821pt x 845.08372pt.
File: Riskdecomposition.pdf Graphic file (type pdf)

<use Riskdecomposition.pdf, page 10>
Package pdftex.def Info: Riskdecomposition.pdf, page10 used on input line 575.
(pdftex.def)             Requested size: 597.53821pt x 845.08372pt.
 [57 <C:/Users/Admin/Documents/GitHub/PhD/Chapters 1 and 6/Riskdecomposition.pd
f>]
<Riskdecomposition.pdf, id=481, page=11, 597.51233pt x 845.0471pt>
File: Riskdecomposition.pdf Graphic file (type pdf)

<use Riskdecomposition.pdf, page 11>
Package pdftex.def Info: Riskdecomposition.pdf, page11 used on input line 575.
(pdftex.def)             Requested size: 597.53821pt x 845.08372pt.
File: Riskdecomposition.pdf Graphic file (type pdf)
 <use Riskdecomposition.pdf, page 11>
Package pdftex.def Info: Riskdecomposition.pdf, page11 used on input line 575.
(pdftex.def)             Requested size: 597.53821pt x 845.08372pt.
File: Riskdecomposition.pdf Graphic file (type pdf)

<use Riskdecomposition.pdf, page 11>
Package pdftex.def Info: Riskdecomposition.pdf, page11 used on input line 575.
(pdftex.def)             Requested size: 597.53821pt x 845.08372pt.
 [58 <C:/Users/Admin/Documents/GitHub/PhD/Chapters 1 and 6/Riskdecomposition.pd
f>]
<Riskdecomposition.pdf, id=485, page=12, 597.51233pt x 845.0471pt>
File: Riskdecomposition.pdf Graphic file (type pdf)

<use Riskdecomposition.pdf, page 12>
Package pdftex.def Info: Riskdecomposition.pdf, page12 used on input line 575.
(pdftex.def)             Requested size: 597.53821pt x 845.08372pt.
File: Riskdecomposition.pdf Graphic file (type pdf)
 <use Riskdecomposition.pdf, page 12>
Package pdftex.def Info: Riskdecomposition.pdf, page12 used on input line 575.
(pdftex.def)             Requested size: 597.53821pt x 845.08372pt.
File: Riskdecomposition.pdf Graphic file (type pdf)

<use Riskdecomposition.pdf, page 12>
Package pdftex.def Info: Riskdecomposition.pdf, page12 used on input line 575.
(pdftex.def)             Requested size: 597.53821pt x 845.08372pt.
 [59 <C:/Users/Admin/Documents/GitHub/PhD/Chapters 1 and 6/Riskdecomposition.pd
f>]
<Riskdecomposition.pdf, id=540, page=13, 597.51233pt x 845.0471pt>
File: Riskdecomposition.pdf Graphic file (type pdf)

<use Riskdecomposition.pdf, page 13>
Package pdftex.def Info: Riskdecomposition.pdf, page13 used on input line 575.
(pdftex.def)             Requested size: 597.53821pt x 845.08372pt.
File: Riskdecomposition.pdf Graphic file (type pdf)
 <use Riskdecomposition.pdf, page 13>
Package pdftex.def Info: Riskdecomposition.pdf, page13 used on input line 575.
(pdftex.def)             Requested size: 597.53821pt x 845.08372pt.
File: Riskdecomposition.pdf Graphic file (type pdf)

<use Riskdecomposition.pdf, page 13>
Package pdftex.def Info: Riskdecomposition.pdf, page13 used on input line 575.
(pdftex.def)             Requested size: 597.53821pt x 845.08372pt.
 [60 <C:/Users/Admin/Documents/GitHub/PhD/Chapters 1 and 6/Riskdecomposition.pd
f>]
<Riskdecomposition.pdf, id=545, page=14, 597.51233pt x 845.0471pt>
File: Riskdecomposition.pdf Graphic file (type pdf)

<use Riskdecomposition.pdf, page 14>
Package pdftex.def Info: Riskdecomposition.pdf, page14 used on input line 575.
(pdftex.def)             Requested size: 597.53821pt x 845.08372pt.
File: Riskdecomposition.pdf Graphic file (type pdf)
 <use Riskdecomposition.pdf, page 14>
Package pdftex.def Info: Riskdecomposition.pdf, page14 used on input line 575.
(pdftex.def)             Requested size: 597.53821pt x 845.08372pt.
File: Riskdecomposition.pdf Graphic file (type pdf)

<use Riskdecomposition.pdf, page 14>
Package pdftex.def Info: Riskdecomposition.pdf, page14 used on input line 575.
(pdftex.def)             Requested size: 597.53821pt x 845.08372pt.
 [61 <C:/Users/Admin/Documents/GitHub/PhD/Chapters 1 and 6/Riskdecomposition.pd
f>]
<Riskdecomposition.pdf, id=549, page=15, 597.51233pt x 845.0471pt>
File: Riskdecomposition.pdf Graphic file (type pdf)

<use Riskdecomposition.pdf, page 15>
Package pdftex.def Info: Riskdecomposition.pdf, page15 used on input line 575.
(pdftex.def)             Requested size: 597.53821pt x 845.08372pt.
File: Riskdecomposition.pdf Graphic file (type pdf)
 <use Riskdecomposition.pdf, page 15>
Package pdftex.def Info: Riskdecomposition.pdf, page15 used on input line 575.
(pdftex.def)             Requested size: 597.53821pt x 845.08372pt.
File: Riskdecomposition.pdf Graphic file (type pdf)

<use Riskdecomposition.pdf, page 15>
Package pdftex.def Info: Riskdecomposition.pdf, page15 used on input line 575.
(pdftex.def)             Requested size: 597.53821pt x 845.08372pt.
 [62 <C:/Users/Admin/Documents/GitHub/PhD/Chapters 1 and 6/Riskdecomposition.pd
f>]
<Riskdecomposition.pdf, id=590, page=16, 597.51233pt x 845.0471pt>
File: Riskdecomposition.pdf Graphic file (type pdf)

<use Riskdecomposition.pdf, page 16>
Package pdftex.def Info: Riskdecomposition.pdf, page16 used on input line 575.
(pdftex.def)             Requested size: 597.53821pt x 845.08372pt.
File: Riskdecomposition.pdf Graphic file (type pdf)
 <use Riskdecomposition.pdf, page 16>
Package pdftex.def Info: Riskdecomposition.pdf, page16 used on input line 575.
(pdftex.def)             Requested size: 597.53821pt x 845.08372pt.
File: Riskdecomposition.pdf Graphic file (type pdf)

<use Riskdecomposition.pdf, page 16>
Package pdftex.def Info: Riskdecomposition.pdf, page16 used on input line 575.
(pdftex.def)             Requested size: 597.53821pt x 845.08372pt.
 [63 <C:/Users/Admin/Documents/GitHub/PhD/Chapters 1 and 6/Riskdecomposition.pd
f>]
<Riskdecomposition.pdf, id=594, page=17, 597.51233pt x 845.0471pt>
File: Riskdecomposition.pdf Graphic file (type pdf)

<use Riskdecomposition.pdf, page 17>
Package pdftex.def Info: Riskdecomposition.pdf, page17 used on input line 575.
(pdftex.def)             Requested size: 597.53821pt x 845.08372pt.
File: Riskdecomposition.pdf Graphic file (type pdf)
 <use Riskdecomposition.pdf, page 17>
Package pdftex.def Info: Riskdecomposition.pdf, page17 used on input line 575.
(pdftex.def)             Requested size: 597.53821pt x 845.08372pt.
File: Riskdecomposition.pdf Graphic file (type pdf)

<use Riskdecomposition.pdf, page 17>
Package pdftex.def Info: Riskdecomposition.pdf, page17 used on input line 575.
(pdftex.def)             Requested size: 597.53821pt x 845.08372pt.
 [64 <C:/Users/Admin/Documents/GitHub/PhD/Chapters 1 and 6/Riskdecomposition.pd
f>]
<Riskdecomposition.pdf, id=598, page=18, 597.51233pt x 845.0471pt>
File: Riskdecomposition.pdf Graphic file (type pdf)

<use Riskdecomposition.pdf, page 18>
Package pdftex.def Info: Riskdecomposition.pdf, page18 used on input line 575.
(pdftex.def)             Requested size: 597.53821pt x 845.08372pt.
File: Riskdecomposition.pdf Graphic file (type pdf)
 <use Riskdecomposition.pdf, page 18>
Package pdftex.def Info: Riskdecomposition.pdf, page18 used on input line 575.
(pdftex.def)             Requested size: 597.53821pt x 845.08372pt.
File: Riskdecomposition.pdf Graphic file (type pdf)

<use Riskdecomposition.pdf, page 18>
Package pdftex.def Info: Riskdecomposition.pdf, page18 used on input line 575.
(pdftex.def)             Requested size: 597.53821pt x 845.08372pt.
 [65 <C:/Users/Admin/Documents/GitHub/PhD/Chapters 1 and 6/Riskdecomposition.pd
f>]
<Riskdecomposition.pdf, id=619, page=19, 597.51233pt x 845.0471pt>
File: Riskdecomposition.pdf Graphic file (type pdf)

<use Riskdecomposition.pdf, page 19>
Package pdftex.def Info: Riskdecomposition.pdf, page19 used on input line 575.
(pdftex.def)             Requested size: 597.53821pt x 845.08372pt.
File: Riskdecomposition.pdf Graphic file (type pdf)
 <use Riskdecomposition.pdf, page 19>
Package pdftex.def Info: Riskdecomposition.pdf, page19 used on input line 575.
(pdftex.def)             Requested size: 597.53821pt x 845.08372pt.
File: Riskdecomposition.pdf Graphic file (type pdf)

<use Riskdecomposition.pdf, page 19>
Package pdftex.def Info: Riskdecomposition.pdf, page19 used on input line 575.
(pdftex.def)             Requested size: 597.53821pt x 845.08372pt.
 [66 <C:/Users/Admin/Documents/GitHub/PhD/Chapters 1 and 6/Riskdecomposition.pd
f>]
<Riskdecomposition.pdf, id=624, page=20, 597.51233pt x 845.0471pt>
File: Riskdecomposition.pdf Graphic file (type pdf)

<use Riskdecomposition.pdf, page 20>
Package pdftex.def Info: Riskdecomposition.pdf, page20 used on input line 575.
(pdftex.def)             Requested size: 597.53821pt x 845.08372pt.
File: Riskdecomposition.pdf Graphic file (type pdf)
 <use Riskdecomposition.pdf, page 20>
Package pdftex.def Info: Riskdecomposition.pdf, page20 used on input line 575.
(pdftex.def)             Requested size: 597.53821pt x 845.08372pt.
File: Riskdecomposition.pdf Graphic file (type pdf)

<use Riskdecomposition.pdf, page 20>
Package pdftex.def Info: Riskdecomposition.pdf, page20 used on input line 575.
(pdftex.def)             Requested size: 597.53821pt x 845.08372pt.
 [67 <C:/Users/Admin/Documents/GitHub/PhD/Chapters 1 and 6/Riskdecomposition.pd
f>]
<Riskdecomposition.pdf, id=628, page=21, 597.51233pt x 845.0471pt>
File: Riskdecomposition.pdf Graphic file (type pdf)

<use Riskdecomposition.pdf, page 21>
Package pdftex.def Info: Riskdecomposition.pdf, page21 used on input line 575.
(pdftex.def)             Requested size: 597.53821pt x 845.08372pt.
File: Riskdecomposition.pdf Graphic file (type pdf)
 <use Riskdecomposition.pdf, page 21>
Package pdftex.def Info: Riskdecomposition.pdf, page21 used on input line 575.
(pdftex.def)             Requested size: 597.53821pt x 845.08372pt.
File: Riskdecomposition.pdf Graphic file (type pdf)

<use Riskdecomposition.pdf, page 21>
Package pdftex.def Info: Riskdecomposition.pdf, page21 used on input line 575.
(pdftex.def)             Requested size: 597.53821pt x 845.08372pt.
 [68 <C:/Users/Admin/Documents/GitHub/PhD/Chapters 1 and 6/Riskdecomposition.pd
f>]
<Riskdecomposition.pdf, id=632, page=22, 597.51233pt x 845.0471pt>
File: Riskdecomposition.pdf Graphic file (type pdf)

<use Riskdecomposition.pdf, page 22>
Package pdftex.def Info: Riskdecomposition.pdf, page22 used on input line 575.
(pdftex.def)             Requested size: 597.53821pt x 845.08372pt.
File: Riskdecomposition.pdf Graphic file (type pdf)
 <use Riskdecomposition.pdf, page 22>
Package pdftex.def Info: Riskdecomposition.pdf, page22 used on input line 575.
(pdftex.def)             Requested size: 597.53821pt x 845.08372pt.
File: Riskdecomposition.pdf Graphic file (type pdf)

<use Riskdecomposition.pdf, page 22>
Package pdftex.def Info: Riskdecomposition.pdf, page22 used on input line 575.
(pdftex.def)             Requested size: 597.53821pt x 845.08372pt.
 [69 <C:/Users/Admin/Documents/GitHub/PhD/Chapters 1 and 6/Riskdecomposition.pd
f>]
<Riskdecomposition.pdf, id=636, page=23, 597.51233pt x 845.0471pt>
File: Riskdecomposition.pdf Graphic file (type pdf)

<use Riskdecomposition.pdf, page 23>
Package pdftex.def Info: Riskdecomposition.pdf, page23 used on input line 575.
(pdftex.def)             Requested size: 597.53821pt x 845.08372pt.
File: Riskdecomposition.pdf Graphic file (type pdf)
 <use Riskdecomposition.pdf, page 23>
Package pdftex.def Info: Riskdecomposition.pdf, page23 used on input line 575.
(pdftex.def)             Requested size: 597.53821pt x 845.08372pt.
File: Riskdecomposition.pdf Graphic file (type pdf)

<use Riskdecomposition.pdf, page 23>
Package pdftex.def Info: Riskdecomposition.pdf, page23 used on input line 575.
(pdftex.def)             Requested size: 597.53821pt x 845.08372pt.
 [70 <C:/Users/Admin/Documents/GitHub/PhD/Chapters 1 and 6/Riskdecomposition.pd
f>]
<Riskdecomposition.pdf, id=640, page=24, 597.51233pt x 845.0471pt>
File: Riskdecomposition.pdf Graphic file (type pdf)

<use Riskdecomposition.pdf, page 24>
Package pdftex.def Info: Riskdecomposition.pdf, page24 used on input line 575.
(pdftex.def)             Requested size: 597.53821pt x 845.08372pt.
File: Riskdecomposition.pdf Graphic file (type pdf)
 <use Riskdecomposition.pdf, page 24>
Package pdftex.def Info: Riskdecomposition.pdf, page24 used on input line 575.
(pdftex.def)             Requested size: 597.53821pt x 845.08372pt.
File: Riskdecomposition.pdf Graphic file (type pdf)

<use Riskdecomposition.pdf, page 24>
Package pdftex.def Info: Riskdecomposition.pdf, page24 used on input line 575.
(pdftex.def)             Requested size: 597.53821pt x 845.08372pt.
 [71 <C:/Users/Admin/Documents/GitHub/PhD/Chapters 1 and 6/Riskdecomposition.pd
f>]
Chapter 4.
[72

] <Systematicrisk.pdf, id=650, page=1, 597.51233pt x 845.0471pt>
File: Systematicrisk.pdf Graphic file (type pdf)

<use Systematicrisk.pdf, page 1>
Package pdftex.def Info: Systematicrisk.pdf, page1 used on input line 583.
(pdftex.def)             Requested size: 597.51086pt x 845.04504pt.
File: Systematicrisk.pdf Graphic file (type pdf)
 <use Systematicrisk.pdf, page 1>
Package pdftex.def Info: Systematicrisk.pdf, page1 used on input line 583.
(pdftex.def)             Requested size: 597.53821pt x 845.08372pt.
File: Systematicrisk.pdf Graphic file (type pdf)

<use Systematicrisk.pdf, page 1>
Package pdftex.def Info: Systematicrisk.pdf, page1 used on input line 583.
(pdftex.def)             Requested size: 597.53821pt x 845.08372pt.
File: Systematicrisk.pdf Graphic file (type pdf)
 <use Systematicrisk.pdf, page 1>
Package pdftex.def Info: Systematicrisk.pdf, page1 used on input line 583.
(pdftex.def)             Requested size: 597.53821pt x 845.08372pt.
File: Systematicrisk.pdf Graphic file (type pdf)

<use Systematicrisk.pdf, page 1>
Package pdftex.def Info: Systematicrisk.pdf, page1 used on input line 583.
(pdftex.def)             Requested size: 597.53821pt x 845.08372pt.
 [73 <C:/Users/Admin/Documents/GitHub/PhD/Chapters 1 and 6/Systematicrisk.pdf>]

<Systematicrisk.pdf, id=679, page=2, 597.51233pt x 845.0471pt>
File: Systematicrisk.pdf Graphic file (type pdf)

<use Systematicrisk.pdf, page 2>
Package pdftex.def Info: Systematicrisk.pdf, page2 used on input line 583.
(pdftex.def)             Requested size: 597.53821pt x 845.08372pt.
File: Systematicrisk.pdf Graphic file (type pdf)
 <use Systematicrisk.pdf, page 2>
Package pdftex.def Info: Systematicrisk.pdf, page2 used on input line 583.
(pdftex.def)             Requested size: 597.53821pt x 845.08372pt.
File: Systematicrisk.pdf Graphic file (type pdf)

<use Systematicrisk.pdf, page 2>
Package pdftex.def Info: Systematicrisk.pdf, page2 used on input line 583.
(pdftex.def)             Requested size: 597.53821pt x 845.08372pt.
 [74 <C:/Users/Admin/Documents/GitHub/PhD/Chapters 1 and 6/Systematicrisk.pdf>]

<Systematicrisk.pdf, id=683, page=3, 597.51233pt x 845.0471pt>
File: Systematicrisk.pdf Graphic file (type pdf)

<use Systematicrisk.pdf, page 3>
Package pdftex.def Info: Systematicrisk.pdf, page3 used on input line 583.
(pdftex.def)             Requested size: 597.53821pt x 845.08372pt.
File: Systematicrisk.pdf Graphic file (type pdf)
 <use Systematicrisk.pdf, page 3>
Package pdftex.def Info: Systematicrisk.pdf, page3 used on input line 583.
(pdftex.def)             Requested size: 597.53821pt x 845.08372pt.
File: Systematicrisk.pdf Graphic file (type pdf)

<use Systematicrisk.pdf, page 3>
Package pdftex.def Info: Systematicrisk.pdf, page3 used on input line 583.
(pdftex.def)             Requested size: 597.53821pt x 845.08372pt.
 [75 <C:/Users/Admin/Documents/GitHub/PhD/Chapters 1 and 6/Systematicrisk.pdf>]

<Systematicrisk.pdf, id=698, page=4, 597.51233pt x 845.0471pt>
File: Systematicrisk.pdf Graphic file (type pdf)

<use Systematicrisk.pdf, page 4>
Package pdftex.def Info: Systematicrisk.pdf, page4 used on input line 583.
(pdftex.def)             Requested size: 597.53821pt x 845.08372pt.
File: Systematicrisk.pdf Graphic file (type pdf)
 <use Systematicrisk.pdf, page 4>
Package pdftex.def Info: Systematicrisk.pdf, page4 used on input line 583.
(pdftex.def)             Requested size: 597.53821pt x 845.08372pt.
File: Systematicrisk.pdf Graphic file (type pdf)

<use Systematicrisk.pdf, page 4>
Package pdftex.def Info: Systematicrisk.pdf, page4 used on input line 583.
(pdftex.def)             Requested size: 597.53821pt x 845.08372pt.
 [76 <C:/Users/Admin/Documents/GitHub/PhD/Chapters 1 and 6/Systematicrisk.pdf>]

<Systematicrisk.pdf, id=702, page=5, 597.51233pt x 845.0471pt>
File: Systematicrisk.pdf Graphic file (type pdf)

<use Systematicrisk.pdf, page 5>
Package pdftex.def Info: Systematicrisk.pdf, page5 used on input line 583.
(pdftex.def)             Requested size: 597.53821pt x 845.08372pt.
File: Systematicrisk.pdf Graphic file (type pdf)
 <use Systematicrisk.pdf, page 5>
Package pdftex.def Info: Systematicrisk.pdf, page5 used on input line 583.
(pdftex.def)             Requested size: 597.53821pt x 845.08372pt.
File: Systematicrisk.pdf Graphic file (type pdf)

<use Systematicrisk.pdf, page 5>
Package pdftex.def Info: Systematicrisk.pdf, page5 used on input line 583.
(pdftex.def)             Requested size: 597.53821pt x 845.08372pt.
 [77 <C:/Users/Admin/Documents/GitHub/PhD/Chapters 1 and 6/Systematicrisk.pdf>]

<Systematicrisk.pdf, id=716, page=6, 597.51233pt x 845.0471pt>
File: Systematicrisk.pdf Graphic file (type pdf)

<use Systematicrisk.pdf, page 6>
Package pdftex.def Info: Systematicrisk.pdf, page6 used on input line 583.
(pdftex.def)             Requested size: 597.53821pt x 845.08372pt.
File: Systematicrisk.pdf Graphic file (type pdf)
 <use Systematicrisk.pdf, page 6>
Package pdftex.def Info: Systematicrisk.pdf, page6 used on input line 583.
(pdftex.def)             Requested size: 597.53821pt x 845.08372pt.
File: Systematicrisk.pdf Graphic file (type pdf)

<use Systematicrisk.pdf, page 6>
Package pdftex.def Info: Systematicrisk.pdf, page6 used on input line 583.
(pdftex.def)             Requested size: 597.53821pt x 845.08372pt.
 [78 <C:/Users/Admin/Documents/GitHub/PhD/Chapters 1 and 6/Systematicrisk.pdf>]

<Systematicrisk.pdf, id=721, page=7, 597.51233pt x 845.0471pt>
File: Systematicrisk.pdf Graphic file (type pdf)

<use Systematicrisk.pdf, page 7>
Package pdftex.def Info: Systematicrisk.pdf, page7 used on input line 583.
(pdftex.def)             Requested size: 597.53821pt x 845.08372pt.
File: Systematicrisk.pdf Graphic file (type pdf)
 <use Systematicrisk.pdf, page 7>
Package pdftex.def Info: Systematicrisk.pdf, page7 used on input line 583.
(pdftex.def)             Requested size: 597.53821pt x 845.08372pt.
File: Systematicrisk.pdf Graphic file (type pdf)

<use Systematicrisk.pdf, page 7>
Package pdftex.def Info: Systematicrisk.pdf, page7 used on input line 583.
(pdftex.def)             Requested size: 597.53821pt x 845.08372pt.
 [79 <C:/Users/Admin/Documents/GitHub/PhD/Chapters 1 and 6/Systematicrisk.pdf>]

<Systematicrisk.pdf, id=725, page=8, 597.51233pt x 845.0471pt>
File: Systematicrisk.pdf Graphic file (type pdf)

<use Systematicrisk.pdf, page 8>
Package pdftex.def Info: Systematicrisk.pdf, page8 used on input line 583.
(pdftex.def)             Requested size: 597.53821pt x 845.08372pt.
File: Systematicrisk.pdf Graphic file (type pdf)
 <use Systematicrisk.pdf, page 8>
Package pdftex.def Info: Systematicrisk.pdf, page8 used on input line 583.
(pdftex.def)             Requested size: 597.53821pt x 845.08372pt.
File: Systematicrisk.pdf Graphic file (type pdf)

<use Systematicrisk.pdf, page 8>
Package pdftex.def Info: Systematicrisk.pdf, page8 used on input line 583.
(pdftex.def)             Requested size: 597.53821pt x 845.08372pt.
 [80 <C:/Users/Admin/Documents/GitHub/PhD/Chapters 1 and 6/Systematicrisk.pdf>]

<Systematicrisk.pdf, id=751, page=9, 597.51233pt x 845.0471pt>
File: Systematicrisk.pdf Graphic file (type pdf)

<use Systematicrisk.pdf, page 9>
Package pdftex.def Info: Systematicrisk.pdf, page9 used on input line 583.
(pdftex.def)             Requested size: 597.53821pt x 845.08372pt.
File: Systematicrisk.pdf Graphic file (type pdf)
 <use Systematicrisk.pdf, page 9>
Package pdftex.def Info: Systematicrisk.pdf, page9 used on input line 583.
(pdftex.def)             Requested size: 597.53821pt x 845.08372pt.
File: Systematicrisk.pdf Graphic file (type pdf)

<use Systematicrisk.pdf, page 9>
Package pdftex.def Info: Systematicrisk.pdf, page9 used on input line 583.
(pdftex.def)             Requested size: 597.53821pt x 845.08372pt.
 [81 <C:/Users/Admin/Documents/GitHub/PhD/Chapters 1 and 6/Systematicrisk.pdf>]

<Systematicrisk.pdf, id=755, page=10, 597.51233pt x 845.0471pt>
File: Systematicrisk.pdf Graphic file (type pdf)

<use Systematicrisk.pdf, page 10>
Package pdftex.def Info: Systematicrisk.pdf, page10 used on input line 583.
(pdftex.def)             Requested size: 597.53821pt x 845.08372pt.
File: Systematicrisk.pdf Graphic file (type pdf)
 <use Systematicrisk.pdf, page 10>
Package pdftex.def Info: Systematicrisk.pdf, page10 used on input line 583.
(pdftex.def)             Requested size: 597.53821pt x 845.08372pt.
File: Systematicrisk.pdf Graphic file (type pdf)

<use Systematicrisk.pdf, page 10>
Package pdftex.def Info: Systematicrisk.pdf, page10 used on input line 583.
(pdftex.def)             Requested size: 597.53821pt x 845.08372pt.
 [82 <C:/Users/Admin/Documents/GitHub/PhD/Chapters 1 and 6/Systematicrisk.pdf>]

<Systematicrisk.pdf, id=759, page=11, 597.51233pt x 845.0471pt>
File: Systematicrisk.pdf Graphic file (type pdf)

<use Systematicrisk.pdf, page 11>
Package pdftex.def Info: Systematicrisk.pdf, page11 used on input line 583.
(pdftex.def)             Requested size: 597.53821pt x 845.08372pt.
File: Systematicrisk.pdf Graphic file (type pdf)
 <use Systematicrisk.pdf, page 11>
Package pdftex.def Info: Systematicrisk.pdf, page11 used on input line 583.
(pdftex.def)             Requested size: 597.53821pt x 845.08372pt.
File: Systematicrisk.pdf Graphic file (type pdf)

<use Systematicrisk.pdf, page 11>
Package pdftex.def Info: Systematicrisk.pdf, page11 used on input line 583.
(pdftex.def)             Requested size: 597.53821pt x 845.08372pt.
 [83 <C:/Users/Admin/Documents/GitHub/PhD/Chapters 1 and 6/Systematicrisk.pdf>]

<Systematicrisk.pdf, id=783, page=12, 597.51233pt x 845.0471pt>
File: Systematicrisk.pdf Graphic file (type pdf)

<use Systematicrisk.pdf, page 12>
Package pdftex.def Info: Systematicrisk.pdf, page12 used on input line 583.
(pdftex.def)             Requested size: 597.53821pt x 845.08372pt.
File: Systematicrisk.pdf Graphic file (type pdf)
 <use Systematicrisk.pdf, page 12>
Package pdftex.def Info: Systematicrisk.pdf, page12 used on input line 583.
(pdftex.def)             Requested size: 597.53821pt x 845.08372pt.
File: Systematicrisk.pdf Graphic file (type pdf)

<use Systematicrisk.pdf, page 12>
Package pdftex.def Info: Systematicrisk.pdf, page12 used on input line 583.
(pdftex.def)             Requested size: 597.53821pt x 845.08372pt.
 [84 <C:/Users/Admin/Documents/GitHub/PhD/Chapters 1 and 6/Systematicrisk.pdf>]

<Systematicrisk.pdf, id=788, page=13, 597.51233pt x 845.0471pt>
File: Systematicrisk.pdf Graphic file (type pdf)

<use Systematicrisk.pdf, page 13>
Package pdftex.def Info: Systematicrisk.pdf, page13 used on input line 583.
(pdftex.def)             Requested size: 597.53821pt x 845.08372pt.
File: Systematicrisk.pdf Graphic file (type pdf)
 <use Systematicrisk.pdf, page 13>
Package pdftex.def Info: Systematicrisk.pdf, page13 used on input line 583.
(pdftex.def)             Requested size: 597.53821pt x 845.08372pt.
File: Systematicrisk.pdf Graphic file (type pdf)

<use Systematicrisk.pdf, page 13>
Package pdftex.def Info: Systematicrisk.pdf, page13 used on input line 583.
(pdftex.def)             Requested size: 597.53821pt x 845.08372pt.
 [85 <C:/Users/Admin/Documents/GitHub/PhD/Chapters 1 and 6/Systematicrisk.pdf>]

<Systematicrisk.pdf, id=843, page=14, 597.51233pt x 845.0471pt>
File: Systematicrisk.pdf Graphic file (type pdf)

<use Systematicrisk.pdf, page 14>
Package pdftex.def Info: Systematicrisk.pdf, page14 used on input line 583.
(pdftex.def)             Requested size: 597.53821pt x 845.08372pt.
File: Systematicrisk.pdf Graphic file (type pdf)
 <use Systematicrisk.pdf, page 14>
Package pdftex.def Info: Systematicrisk.pdf, page14 used on input line 583.
(pdftex.def)             Requested size: 597.53821pt x 845.08372pt.
File: Systematicrisk.pdf Graphic file (type pdf)

<use Systematicrisk.pdf, page 14>
Package pdftex.def Info: Systematicrisk.pdf, page14 used on input line 583.
(pdftex.def)             Requested size: 597.53821pt x 845.08372pt.
 [86 <C:/Users/Admin/Documents/GitHub/PhD/Chapters 1 and 6/Systematicrisk.pdf>]

<Systematicrisk.pdf, id=898, page=15, 597.51233pt x 845.0471pt>
File: Systematicrisk.pdf Graphic file (type pdf)

<use Systematicrisk.pdf, page 15>
Package pdftex.def Info: Systematicrisk.pdf, page15 used on input line 583.
(pdftex.def)             Requested size: 597.53821pt x 845.08372pt.
File: Systematicrisk.pdf Graphic file (type pdf)
 <use Systematicrisk.pdf, page 15>
Package pdftex.def Info: Systematicrisk.pdf, page15 used on input line 583.
(pdftex.def)             Requested size: 597.53821pt x 845.08372pt.
File: Systematicrisk.pdf Graphic file (type pdf)

<use Systematicrisk.pdf, page 15>
Package pdftex.def Info: Systematicrisk.pdf, page15 used on input line 583.
(pdftex.def)             Requested size: 597.53821pt x 845.08372pt.
 [87 <C:/Users/Admin/Documents/GitHub/PhD/Chapters 1 and 6/Systematicrisk.pdf>]

<Systematicrisk.pdf, id=918, page=16, 597.51233pt x 845.0471pt>
File: Systematicrisk.pdf Graphic file (type pdf)

<use Systematicrisk.pdf, page 16>
Package pdftex.def Info: Systematicrisk.pdf, page16 used on input line 583.
(pdftex.def)             Requested size: 597.53821pt x 845.08372pt.
File: Systematicrisk.pdf Graphic file (type pdf)
 <use Systematicrisk.pdf, page 16>
Package pdftex.def Info: Systematicrisk.pdf, page16 used on input line 583.
(pdftex.def)             Requested size: 597.53821pt x 845.08372pt.
File: Systematicrisk.pdf Graphic file (type pdf)

<use Systematicrisk.pdf, page 16>
Package pdftex.def Info: Systematicrisk.pdf, page16 used on input line 583.
(pdftex.def)             Requested size: 597.53821pt x 845.08372pt.
 [88 <C:/Users/Admin/Documents/GitHub/PhD/Chapters 1 and 6/Systematicrisk.pdf>]

Chapter 5.
[89

] <ToP.pdf, id=927, page=1, 597.51233pt x 845.0471pt>
File: ToP.pdf Graphic file (type pdf)
 <use ToP.pdf, page 1>
Package pdftex.def Info: ToP.pdf, page1 used on input line 592.
(pdftex.def)             Requested size: 597.51086pt x 845.04504pt.
File: ToP.pdf Graphic file (type pdf)

<use ToP.pdf, page 1>
Package pdftex.def Info: ToP.pdf, page1 used on input line 592.
(pdftex.def)             Requested size: 597.53821pt x 845.08372pt.
File: ToP.pdf Graphic file (type pdf)
 <use ToP.pdf, page 1>
Package pdftex.def Info: ToP.pdf, page1 used on input line 592.
(pdftex.def)             Requested size: 597.53821pt x 845.08372pt.
File: ToP.pdf Graphic file (type pdf)
 <use ToP.pdf, page 1>
Package pdftex.def Info: ToP.pdf, page1 used on input line 592.
(pdftex.def)             Requested size: 597.53821pt x 845.08372pt.
File: ToP.pdf Graphic file (type pdf)

<use ToP.pdf, page 1>
Package pdftex.def Info: ToP.pdf, page1 used on input line 592.
(pdftex.def)             Requested size: 597.53821pt x 845.08372pt.
 [90 <C:/Users/Admin/Documents/GitHub/PhD/Chapters 1 and 6/ToP.pdf>] <ToP.pdf, 
id=948, page=2, 597.51233pt x 845.0471pt>
File: ToP.pdf Graphic file (type pdf)

<use ToP.pdf, page 2>
Package pdftex.def Info: ToP.pdf, page2 used on input line 592.
(pdftex.def)             Requested size: 597.53821pt x 845.08372pt.
File: ToP.pdf Graphic file (type pdf)
 <use ToP.pdf, page 2>
Package pdftex.def Info: ToP.pdf, page2 used on input line 592.
(pdftex.def)             Requested size: 597.53821pt x 845.08372pt.
File: ToP.pdf Graphic file (type pdf)
 <use ToP.pdf, page 2>
Package pdftex.def Info: ToP.pdf, page2 used on input line 592.
(pdftex.def)             Requested size: 597.53821pt x 845.08372pt.
 [91 <C:/Users/Admin/Documents/GitHub/PhD/Chapters 1 and 6/ToP.pdf>]
<ToP.pdf, id=952, page=3, 597.51233pt x 845.0471pt>
File: ToP.pdf Graphic file (type pdf)
 <use ToP.pdf, page 3>
Package pdftex.def Info: ToP.pdf, page3 used on input line 592.
(pdftex.def)             Requested size: 597.53821pt x 845.08372pt.
File: ToP.pdf Graphic file (type pdf)

<use ToP.pdf, page 3>
Package pdftex.def Info: ToP.pdf, page3 used on input line 592.
(pdftex.def)             Requested size: 597.53821pt x 845.08372pt.
File: ToP.pdf Graphic file (type pdf)
 <use ToP.pdf, page 3>
Package pdftex.def Info: ToP.pdf, page3 used on input line 592.
(pdftex.def)             Requested size: 597.53821pt x 845.08372pt.
 [92 <C:/Users/Admin/Documents/GitHub/PhD/Chapters 1 and 6/ToP.pdf>]
<ToP.pdf, id=979, page=4, 597.51233pt x 845.0471pt>
File: ToP.pdf Graphic file (type pdf)
 <use ToP.pdf, page 4>
Package pdftex.def Info: ToP.pdf, page4 used on input line 592.
(pdftex.def)             Requested size: 597.53821pt x 845.08372pt.
File: ToP.pdf Graphic file (type pdf)

<use ToP.pdf, page 4>
Package pdftex.def Info: ToP.pdf, page4 used on input line 592.
(pdftex.def)             Requested size: 597.53821pt x 845.08372pt.
File: ToP.pdf Graphic file (type pdf)
 <use ToP.pdf, page 4>
Package pdftex.def Info: ToP.pdf, page4 used on input line 592.
(pdftex.def)             Requested size: 597.53821pt x 845.08372pt.
 [93 <C:/Users/Admin/Documents/GitHub/PhD/Chapters 1 and 6/ToP.pdf>]
<ToP.pdf, id=983, page=5, 597.51233pt x 845.0471pt>
File: ToP.pdf Graphic file (type pdf)
 <use ToP.pdf, page 5>
Package pdftex.def Info: ToP.pdf, page5 used on input line 592.
(pdftex.def)             Requested size: 597.53821pt x 845.08372pt.
File: ToP.pdf Graphic file (type pdf)

<use ToP.pdf, page 5>
Package pdftex.def Info: ToP.pdf, page5 used on input line 592.
(pdftex.def)             Requested size: 597.53821pt x 845.08372pt.
File: ToP.pdf Graphic file (type pdf)
 <use ToP.pdf, page 5>
Package pdftex.def Info: ToP.pdf, page5 used on input line 592.
(pdftex.def)             Requested size: 597.53821pt x 845.08372pt.
 [94 <C:/Users/Admin/Documents/GitHub/PhD/Chapters 1 and 6/ToP.pdf>]
<ToP.pdf, id=987, page=6, 597.51233pt x 845.0471pt>
File: ToP.pdf Graphic file (type pdf)
 <use ToP.pdf, page 6>
Package pdftex.def Info: ToP.pdf, page6 used on input line 592.
(pdftex.def)             Requested size: 597.53821pt x 845.08372pt.
File: ToP.pdf Graphic file (type pdf)

<use ToP.pdf, page 6>
Package pdftex.def Info: ToP.pdf, page6 used on input line 592.
(pdftex.def)             Requested size: 597.53821pt x 845.08372pt.
File: ToP.pdf Graphic file (type pdf)
 <use ToP.pdf, page 6>
Package pdftex.def Info: ToP.pdf, page6 used on input line 592.
(pdftex.def)             Requested size: 597.53821pt x 845.08372pt.
 [95 <C:/Users/Admin/Documents/GitHub/PhD/Chapters 1 and 6/ToP.pdf>]
<ToP.pdf, id=1023, page=7, 597.51233pt x 845.0471pt>
File: ToP.pdf Graphic file (type pdf)
 <use ToP.pdf, page 7>
Package pdftex.def Info: ToP.pdf, page7 used on input line 592.
(pdftex.def)             Requested size: 597.53821pt x 845.08372pt.
File: ToP.pdf Graphic file (type pdf)

<use ToP.pdf, page 7>
Package pdftex.def Info: ToP.pdf, page7 used on input line 592.
(pdftex.def)             Requested size: 597.53821pt x 845.08372pt.
File: ToP.pdf Graphic file (type pdf)
 <use ToP.pdf, page 7>
Package pdftex.def Info: ToP.pdf, page7 used on input line 592.
(pdftex.def)             Requested size: 597.53821pt x 845.08372pt.
 [96 <C:/Users/Admin/Documents/GitHub/PhD/Chapters 1 and 6/ToP.pdf>]
<ToP.pdf, id=1028, page=8, 597.51233pt x 845.0471pt>
File: ToP.pdf Graphic file (type pdf)
 <use ToP.pdf, page 8>
Package pdftex.def Info: ToP.pdf, page8 used on input line 592.
(pdftex.def)             Requested size: 597.53821pt x 845.08372pt.
File: ToP.pdf Graphic file (type pdf)

<use ToP.pdf, page 8>
Package pdftex.def Info: ToP.pdf, page8 used on input line 592.
(pdftex.def)             Requested size: 597.53821pt x 845.08372pt.
File: ToP.pdf Graphic file (type pdf)
 <use ToP.pdf, page 8>
Package pdftex.def Info: ToP.pdf, page8 used on input line 592.
(pdftex.def)             Requested size: 597.53821pt x 845.08372pt.
 [97 <C:/Users/Admin/Documents/GitHub/PhD/Chapters 1 and 6/ToP.pdf>]
<ToP.pdf, id=1037, page=9, 597.51233pt x 845.0471pt>
File: ToP.pdf Graphic file (type pdf)
 <use ToP.pdf, page 9>
Package pdftex.def Info: ToP.pdf, page9 used on input line 592.
(pdftex.def)             Requested size: 597.53821pt x 845.08372pt.
File: ToP.pdf Graphic file (type pdf)

<use ToP.pdf, page 9>
Package pdftex.def Info: ToP.pdf, page9 used on input line 592.
(pdftex.def)             Requested size: 597.53821pt x 845.08372pt.
File: ToP.pdf Graphic file (type pdf)
 <use ToP.pdf, page 9>
Package pdftex.def Info: ToP.pdf, page9 used on input line 592.
(pdftex.def)             Requested size: 597.53821pt x 845.08372pt.
 [98 <C:/Users/Admin/Documents/GitHub/PhD/Chapters 1 and 6/ToP.pdf>]
<ToP.pdf, id=1041, page=10, 597.51233pt x 845.0471pt>
File: ToP.pdf Graphic file (type pdf)
 <use ToP.pdf, page 10>
Package pdftex.def Info: ToP.pdf, page10 used on input line 592.
(pdftex.def)             Requested size: 597.53821pt x 845.08372pt.
File: ToP.pdf Graphic file (type pdf)

<use ToP.pdf, page 10>
Package pdftex.def Info: ToP.pdf, page10 used on input line 592.
(pdftex.def)             Requested size: 597.53821pt x 845.08372pt.
File: ToP.pdf Graphic file (type pdf)
 <use ToP.pdf, page 10>
Package pdftex.def Info: ToP.pdf, page10 used on input line 592.
(pdftex.def)             Requested size: 597.53821pt x 845.08372pt.
 [99 <C:/Users/Admin/Documents/GitHub/PhD/Chapters 1 and 6/ToP.pdf>]
<ToP.pdf, id=1049, page=11, 597.51233pt x 845.0471pt>
File: ToP.pdf Graphic file (type pdf)
 <use ToP.pdf, page 11>
Package pdftex.def Info: ToP.pdf, page11 used on input line 592.
(pdftex.def)             Requested size: 597.53821pt x 845.08372pt.
File: ToP.pdf Graphic file (type pdf)

<use ToP.pdf, page 11>
Package pdftex.def Info: ToP.pdf, page11 used on input line 592.
(pdftex.def)             Requested size: 597.53821pt x 845.08372pt.
File: ToP.pdf Graphic file (type pdf)
 <use ToP.pdf, page 11>
Package pdftex.def Info: ToP.pdf, page11 used on input line 592.
(pdftex.def)             Requested size: 597.53821pt x 845.08372pt.
 [100 <C:/Users/Admin/Documents/GitHub/PhD/Chapters 1 and 6/ToP.pdf>]
<ToP.pdf, id=1053, page=12, 597.51233pt x 845.0471pt>
File: ToP.pdf Graphic file (type pdf)
 <use ToP.pdf, page 12>
Package pdftex.def Info: ToP.pdf, page12 used on input line 592.
(pdftex.def)             Requested size: 597.53821pt x 845.08372pt.
File: ToP.pdf Graphic file (type pdf)

<use ToP.pdf, page 12>
Package pdftex.def Info: ToP.pdf, page12 used on input line 592.
(pdftex.def)             Requested size: 597.53821pt x 845.08372pt.
File: ToP.pdf Graphic file (type pdf)
 <use ToP.pdf, page 12>
Package pdftex.def Info: ToP.pdf, page12 used on input line 592.
(pdftex.def)             Requested size: 597.53821pt x 845.08372pt.
 [101 <C:/Users/Admin/Documents/GitHub/PhD/Chapters 1 and 6/ToP.pdf>]
<ToP.pdf, id=1057, page=13, 597.51233pt x 845.0471pt>
File: ToP.pdf Graphic file (type pdf)
 <use ToP.pdf, page 13>
Package pdftex.def Info: ToP.pdf, page13 used on input line 592.
(pdftex.def)             Requested size: 597.53821pt x 845.08372pt.
File: ToP.pdf Graphic file (type pdf)

<use ToP.pdf, page 13>
Package pdftex.def Info: ToP.pdf, page13 used on input line 592.
(pdftex.def)             Requested size: 597.53821pt x 845.08372pt.
File: ToP.pdf Graphic file (type pdf)
 <use ToP.pdf, page 13>
Package pdftex.def Info: ToP.pdf, page13 used on input line 592.
(pdftex.def)             Requested size: 597.53821pt x 845.08372pt.
 [102 <C:/Users/Admin/Documents/GitHub/PhD/Chapters 1 and 6/ToP.pdf>]
<ToP.pdf, id=1062, page=14, 597.51233pt x 845.0471pt>
File: ToP.pdf Graphic file (type pdf)
 <use ToP.pdf, page 14>
Package pdftex.def Info: ToP.pdf, page14 used on input line 592.
(pdftex.def)             Requested size: 597.53821pt x 845.08372pt.
File: ToP.pdf Graphic file (type pdf)

<use ToP.pdf, page 14>
Package pdftex.def Info: ToP.pdf, page14 used on input line 592.
(pdftex.def)             Requested size: 597.53821pt x 845.08372pt.
File: ToP.pdf Graphic file (type pdf)
 <use ToP.pdf, page 14>
Package pdftex.def Info: ToP.pdf, page14 used on input line 592.
(pdftex.def)             Requested size: 597.53821pt x 845.08372pt.
 [103 <C:/Users/Admin/Documents/GitHub/PhD/Chapters 1 and 6/ToP.pdf>]
<ToP.pdf, id=1066, page=15, 597.51233pt x 845.0471pt>
File: ToP.pdf Graphic file (type pdf)
 <use ToP.pdf, page 15>
Package pdftex.def Info: ToP.pdf, page15 used on input line 592.
(pdftex.def)             Requested size: 597.53821pt x 845.08372pt.
File: ToP.pdf Graphic file (type pdf)

<use ToP.pdf, page 15>
Package pdftex.def Info: ToP.pdf, page15 used on input line 592.
(pdftex.def)             Requested size: 597.53821pt x 845.08372pt.
File: ToP.pdf Graphic file (type pdf)
 <use ToP.pdf, page 15>
Package pdftex.def Info: ToP.pdf, page15 used on input line 592.
(pdftex.def)             Requested size: 597.53821pt x 845.08372pt.
 [104 <C:/Users/Admin/Documents/GitHub/PhD/Chapters 1 and 6/ToP.pdf>]
<ToP.pdf, id=1070, page=16, 597.51233pt x 845.0471pt>
File: ToP.pdf Graphic file (type pdf)
 <use ToP.pdf, page 16>
Package pdftex.def Info: ToP.pdf, page16 used on input line 592.
(pdftex.def)             Requested size: 597.53821pt x 845.08372pt.
File: ToP.pdf Graphic file (type pdf)

<use ToP.pdf, page 16>
Package pdftex.def Info: ToP.pdf, page16 used on input line 592.
(pdftex.def)             Requested size: 597.53821pt x 845.08372pt.
File: ToP.pdf Graphic file (type pdf)
 <use ToP.pdf, page 16>
Package pdftex.def Info: ToP.pdf, page16 used on input line 592.
(pdftex.def)             Requested size: 597.53821pt x 845.08372pt.
 [105 <C:/Users/Admin/Documents/GitHub/PhD/Chapters 1 and 6/ToP.pdf>]
<ToP.pdf, id=1079, page=17, 597.51233pt x 845.0471pt>
File: ToP.pdf Graphic file (type pdf)
 <use ToP.pdf, page 17>
Package pdftex.def Info: ToP.pdf, page17 used on input line 592.
(pdftex.def)             Requested size: 597.53821pt x 845.08372pt.
File: ToP.pdf Graphic file (type pdf)

<use ToP.pdf, page 17>
Package pdftex.def Info: ToP.pdf, page17 used on input line 592.
(pdftex.def)             Requested size: 597.53821pt x 845.08372pt.
File: ToP.pdf Graphic file (type pdf)
 <use ToP.pdf, page 17>
Package pdftex.def Info: ToP.pdf, page17 used on input line 592.
(pdftex.def)             Requested size: 597.53821pt x 845.08372pt.
 [106 <C:/Users/Admin/Documents/GitHub/PhD/Chapters 1 and 6/ToP.pdf>]
<ToP.pdf, id=1083, page=18, 597.51233pt x 845.0471pt>
File: ToP.pdf Graphic file (type pdf)
 <use ToP.pdf, page 18>
Package pdftex.def Info: ToP.pdf, page18 used on input line 592.
(pdftex.def)             Requested size: 597.53821pt x 845.08372pt.
File: ToP.pdf Graphic file (type pdf)

<use ToP.pdf, page 18>
Package pdftex.def Info: ToP.pdf, page18 used on input line 592.
(pdftex.def)             Requested size: 597.53821pt x 845.08372pt.
File: ToP.pdf Graphic file (type pdf)
 <use ToP.pdf, page 18>
Package pdftex.def Info: ToP.pdf, page18 used on input line 592.
(pdftex.def)             Requested size: 597.53821pt x 845.08372pt.
 [107 <C:/Users/Admin/Documents/GitHub/PhD/Chapters 1 and 6/ToP.pdf>]
<ToP.pdf, id=1087, page=19, 597.51233pt x 845.0471pt>
File: ToP.pdf Graphic file (type pdf)
 <use ToP.pdf, page 19>
Package pdftex.def Info: ToP.pdf, page19 used on input line 592.
(pdftex.def)             Requested size: 597.53821pt x 845.08372pt.
File: ToP.pdf Graphic file (type pdf)

<use ToP.pdf, page 19>
Package pdftex.def Info: ToP.pdf, page19 used on input line 592.
(pdftex.def)             Requested size: 597.53821pt x 845.08372pt.
File: ToP.pdf Graphic file (type pdf)
 <use ToP.pdf, page 19>
Package pdftex.def Info: ToP.pdf, page19 used on input line 592.
(pdftex.def)             Requested size: 597.53821pt x 845.08372pt.
 [108 <C:/Users/Admin/Documents/GitHub/PhD/Chapters 1 and 6/ToP.pdf>]
<ToP.pdf, id=1127, page=20, 597.51233pt x 845.0471pt>
File: ToP.pdf Graphic file (type pdf)
 <use ToP.pdf, page 20>
Package pdftex.def Info: ToP.pdf, page20 used on input line 592.
(pdftex.def)             Requested size: 597.53821pt x 845.08372pt.
File: ToP.pdf Graphic file (type pdf)

<use ToP.pdf, page 20>
Package pdftex.def Info: ToP.pdf, page20 used on input line 592.
(pdftex.def)             Requested size: 597.53821pt x 845.08372pt.
File: ToP.pdf Graphic file (type pdf)
 <use ToP.pdf, page 20>
Package pdftex.def Info: ToP.pdf, page20 used on input line 592.
(pdftex.def)             Requested size: 597.53821pt x 845.08372pt.
 [109 <C:/Users/Admin/Documents/GitHub/PhD/Chapters 1 and 6/ToP.pdf>]
<ToP.pdf, id=1131, page=21, 597.51233pt x 845.0471pt>
File: ToP.pdf Graphic file (type pdf)
 <use ToP.pdf, page 21>
Package pdftex.def Info: ToP.pdf, page21 used on input line 592.
(pdftex.def)             Requested size: 597.53821pt x 845.08372pt.
File: ToP.pdf Graphic file (type pdf)

<use ToP.pdf, page 21>
Package pdftex.def Info: ToP.pdf, page21 used on input line 592.
(pdftex.def)             Requested size: 597.53821pt x 845.08372pt.
File: ToP.pdf Graphic file (type pdf)
 <use ToP.pdf, page 21>
Package pdftex.def Info: ToP.pdf, page21 used on input line 592.
(pdftex.def)             Requested size: 597.53821pt x 845.08372pt.
 [110 <C:/Users/Admin/Documents/GitHub/PhD/Chapters 1 and 6/ToP.pdf>]
Chapter 6.
[111

] [112] [113] [114]
("C:\Users\Admin\Documents\GitHub\PhD\Chapters 1 and 6\Overview.bbl" [115]
[116

] [117] [118] [119] [120]) [121]
("C:\Users\Admin\Documents\GitHub\PhD\Chapters 1 and 6\Overview.aux") ) 
Here is how much of TeX's memory you used:
 2942 strings out of 493921
 44061 string characters out of 3147283
 100641 words of memory out of 3000000
 6203 multiletter control sequences out of 15000+200000
 14001 words of font info for 54 fonts, out of 3000000 for 9000
 841 hyphenation exceptions out of 8191
 39i,18n,43p,1398b,420s stack positions out of 5000i,500n,10000p,200000b,50000s
<C:/Prog
ram Files/MiKTeX 2.9/fonts/type1/public/amsfonts/cm/cmbx10.pfb><C:/Program File
s/MiKTeX 2.9/fonts/type1/public/amsfonts/cm/cmbx12.pfb><C:/Program Files/MiKTeX
 2.9/fonts/type1/public/amsfonts/cm/cmex10.pfb><C:/Program Files/MiKTeX 2.9/fon
ts/type1/public/amsfonts/cm/cmmi10.pfb><C:/Program Files/MiKTeX 2.9/fonts/type1
/public/amsfonts/cm/cmmi12.pfb><C:/Program Files/MiKTeX 2.9/fonts/type1/public/
amsfonts/cm/cmmi5.pfb><C:/Program Files/MiKTeX 2.9/fonts/type1/public/amsfonts/
cm/cmmi6.pfb><C:/Program Files/MiKTeX 2.9/fonts/type1/public/amsfonts/cm/cmmi7.
pfb><C:/Program Files/MiKTeX 2.9/fonts/type1/public/amsfonts/cm/cmmi8.pfb><C:/P
rogram Files/MiKTeX 2.9/fonts/type1/public/amsfonts/cm/cmr10.pfb><C:/Program Fi
les/MiKTeX 2.9/fonts/type1/public/amsfonts/cm/cmr12.pfb><C:/Program Files/MiKTe
X 2.9/fonts/type1/public/amsfonts/cm/cmr17.pfb><C:/Program Files/MiKTeX 2.9/fon
ts/type1/public/amsfonts/cm/cmr5.pfb><C:/Program Files/MiKTeX 2.9/fonts/type1/p
ublic/amsfonts/cm/cmr6.pfb><C:/Program Files/MiKTeX 2.9/fonts/type1/public/amsf
onts/cm/cmr7.pfb><C:/Program Files/MiKTeX 2.9/fonts/type1/public/amsfonts/cm/cm
r8.pfb><C:/Program Files/MiKTeX 2.9/fonts/type1/public/amsfonts/cm/cmsy10.pfb><
C:/Program Files/MiKTeX 2.9/fonts/type1/public/amsfonts/cm/cmsy5.pfb><C:/Progra
m Files/MiKTeX 2.9/fonts/type1/public/amsfonts/cm/cmsy6.pfb><C:/Program Files/M
iKTeX 2.9/fonts/type1/public/amsfonts/cm/cmsy7.pfb><C:/Program Files/MiKTeX 2.9
/fonts/type1/public/amsfonts/cm/cmsy8.pfb><C:/Program Files/MiKTeX 2.9/fonts/ty
pe1/public/amsfonts/cm/cmti10.pfb><C:/Program Files/MiKTeX 2.9/fonts/type1/publ
ic/amsfonts/cm/cmti12.pfb>
Output written on Overview.pdf (122 pages, 6967262 bytes).
PDF statistics:
 1213 PDF objects out of 1440 (max. 8388607)
 0 named destinations out of 1000 (max. 500000)
 446 words of extra memory for PDF output out of 10000 (max. 10000000)

